Arguments: 
  C:\Program Files\nodejs\node.exe C:\Users\MegaOS\AppData\Roaming\npm\node_modules\yarn\bin\yarn.js add pupperteer

PATH: 
  C:\Program Files (x86)\Common Files\Oracle\Java\javapath;C:\Windows\system32;C:\Windows;C:\Windows\System32\Wbem;C:\Windows\System32\WindowsPowerShell\v1.0\;C:\Windows\System32\OpenSSH\;C:\Program Files\nodejs\;C:\ProgramData\chocolatey\bin;C:\Program Files\PuTTY\;C:\Users\MegaOS\AppData\Local\Programs\Python\Python311\Scripts\;C:\Users\MegaOS\AppData\Local\Programs\Python\Python311\;C:\Users\MegaOS\AppData\Local\Microsoft\WindowsApps;C:\Users\MegaOS\AppData\Roaming\npm;C:\Users\MegaOS\AppData\Local\Programs\Microsoft VS Code\bin;C:\Program Files\heroku\bin

Yarn version: 
  1.22.19

Node version: 
  18.16.1

Platform: 
  win32 x64

Trace: 
  Error: https://registry.yarnpkg.com/pupperteer: Not found
      at params.callback [as _callback] (C:\Users\MegaOS\AppData\Roaming\npm\node_modules\yarn\lib\cli.js:66145:18)
      at self.callback (C:\Users\MegaOS\AppData\Roaming\npm\node_modules\yarn\lib\cli.js:140890:22)
      at Request.emit (node:events:513:28)
      at Request.<anonymous> (C:\Users\MegaOS\AppData\Roaming\npm\node_modules\yarn\lib\cli.js:141862:10)
      at Request.emit (node:events:513:28)
      at IncomingMessage.<anonymous> (C:\Users\MegaOS\AppData\Roaming\npm\node_modules\yarn\lib\cli.js:141784:12)
      at Object.onceWrapper (node:events:627:28)
      at IncomingMessage.emit (node:events:525:35)
      at endReadableNT (node:internal/streams/readable:1359:12)
      at process.processTicksAndRejections (node:internal/process/task_queues:82:21)

npm manifest: 
  {
    "name": "bot-zdg",
    "version": "1.0.0",
    "description": "bot-zdg: based on Whatsapp API",
    "main": "app.js",
    "scripts": {
      "start": "node botzdg.js",
      "start:dev": "nodemon botzdg.js",
      "test": "echo \"Error: no test specified\" && exit 1"
    },
    "keywords": [
      "whatsapp-api",
      "node.js"
    ],
    "author": "Pedro",
    "license": "MIT",
    "dependencies": {
      "@google-cloud/dialogflow": "^4.6.0",
      "actions-on-google": "^2.4.1",
      "axios": "^0.20.0",
      "dialogflow-fulfillment": "^0.6.1",
      "express": "^4.17.1",
      "express-fileupload": "^1.2.0",
      "express-validator": "^6.9.2",
      "http": "0.0.1-security",
      "mime-types": "^2.1.32",
      "mysql2": "^2.3.3",
      "qrcode": "^1.4.4",
      "socket.io": "2.3.0",
      "util": "^0.12.4",
      "whatsapp-web.js": "https://github.com/Julzk/whatsapp-web.js/tarball/jkr_hotfix_7"
    },
    "devDependencies": {
      "nodemon": "^2.0.14"
    }
  }

yarn manifest: 
  No manifest

Lockfile: 
  No lockfile
